Performing C++ SOURCE FILE Test COMPILER_SUPPORT_Wshorten64to32 failed with the following output:
Change Dir: /home/wch/github/chenhui-lib/cmake-build-debug/CMakeFiles/CMakeTmp

Run Build Command(s):/usr/bin/make cmTC_3181d/fast && /usr/bin/make -f CMakeFiles/cmTC_3181d.dir/build.make CMakeFiles/cmTC_3181d.dir/build
make[1]: Entering directory '/home/wch/github/chenhui-lib/cmake-build-debug/CMakeFiles/CMakeTmp'
Building CXX object CMakeFiles/cmTC_3181d.dir/src.cxx.o
/usr/bin/g++-9    -std=c++03 -pedantic -Wall -Wextra -Wundef -Wcast-align -Wchar-subscripts -Wnon-virtual-dtor -Wunused-local-typedefs -Wpointer-arith -Wwrite-strings -Wformat-security -DCOMPILER_SUPPORT_Wshorten64to32 -Werror   -Wshorten-64-to-32 -o CMakeFiles/cmTC_3181d.dir/src.cxx.o -c /home/wch/github/chenhui-lib/cmake-build-debug/CMakeFiles/CMakeTmp/src.cxx
g++-9: error: unrecognized command line option '-Wshorten-64-to-32'
make[1]: *** [CMakeFiles/cmTC_3181d.dir/build.make:66: CMakeFiles/cmTC_3181d.dir/src.cxx.o] Error 1
make[1]: Leaving directory '/home/wch/github/chenhui-lib/cmake-build-debug/CMakeFiles/CMakeTmp'
make: *** [Makefile:121: cmTC_3181d/fast] Error 2


Source file was:
int main() { return 0; }
Performing C++ SOURCE FILE Test COMPILER_SUPPORT_Wenumconversion failed with the following output:
Change Dir: /home/wch/github/chenhui-lib/cmake-build-debug/CMakeFiles/CMakeTmp

Run Build Command(s):/usr/bin/make cmTC_e7b19/fast && /usr/bin/make -f CMakeFiles/cmTC_e7b19.dir/build.make CMakeFiles/cmTC_e7b19.dir/build
make[1]: Entering directory '/home/wch/github/chenhui-lib/cmake-build-debug/CMakeFiles/CMakeTmp'
Building CXX object CMakeFiles/cmTC_e7b19.dir/src.cxx.o
/usr/bin/g++-9    -std=c++03 -pedantic -Wall -Wextra -Wundef -Wcast-align -Wchar-subscripts -Wnon-virtual-dtor -Wunused-local-typedefs -Wpointer-arith -Wwrite-strings -Wformat-security -Wlogical-op -DCOMPILER_SUPPORT_Wenumconversion -Werror   -Wenum-conversion -o CMakeFiles/cmTC_e7b19.dir/src.cxx.o -c /home/wch/github/chenhui-lib/cmake-build-debug/CMakeFiles/CMakeTmp/src.cxx
g++-9: error: unrecognized command line option '-Wenum-conversion'; did you mean '-Wno-conversion'?
make[1]: *** [CMakeFiles/cmTC_e7b19.dir/build.make:66: CMakeFiles/cmTC_e7b19.dir/src.cxx.o] Error 1
make[1]: Leaving directory '/home/wch/github/chenhui-lib/cmake-build-debug/CMakeFiles/CMakeTmp'
make: *** [Makefile:121: cmTC_e7b19/fast] Error 2


Source file was:
int main() { return 0; }
Performing C++ SOURCE FILE Test COMPILER_SUPPORT_Wcpp11extensions failed with the following output:
Change Dir: /home/wch/github/chenhui-lib/cmake-build-debug/CMakeFiles/CMakeTmp

Run Build Command(s):/usr/bin/make cmTC_1dd61/fast && /usr/bin/make -f CMakeFiles/cmTC_1dd61.dir/build.make CMakeFiles/cmTC_1dd61.dir/build
make[1]: Entering directory '/home/wch/github/chenhui-lib/cmake-build-debug/CMakeFiles/CMakeTmp'
Building CXX object CMakeFiles/cmTC_1dd61.dir/src.cxx.o
/usr/bin/g++-9    -std=c++03 -pedantic -Wall -Wextra -Wundef -Wcast-align -Wchar-subscripts -Wnon-virtual-dtor -Wunused-local-typedefs -Wpointer-arith -Wwrite-strings -Wformat-security -Wlogical-op -DCOMPILER_SUPPORT_Wcpp11extensions -Werror   -Wc++11-extensions -o CMakeFiles/cmTC_1dd61.dir/src.cxx.o -c /home/wch/github/chenhui-lib/cmake-build-debug/CMakeFiles/CMakeTmp/src.cxx
g++-9: error: unrecognized command line option '-Wc++11-extensions'; did you mean '-fms-extensions'?
make[1]: *** [CMakeFiles/cmTC_1dd61.dir/build.make:66: CMakeFiles/cmTC_1dd61.dir/src.cxx.o] Error 1
make[1]: Leaving directory '/home/wch/github/chenhui-lib/cmake-build-debug/CMakeFiles/CMakeTmp'
make: *** [Makefile:121: cmTC_1dd61/fast] Error 2


Source file was:
int main() { return 0; }
Performing C++ SOURCE FILE Test COMPILER_SUPPORT_wd981 failed with the following output:
Change Dir: /home/wch/github/chenhui-lib/cmake-build-debug/CMakeFiles/CMakeTmp

Run Build Command(s):/usr/bin/make cmTC_c884a/fast && /usr/bin/make -f CMakeFiles/cmTC_c884a.dir/build.make CMakeFiles/cmTC_c884a.dir/build
make[1]: Entering directory '/home/wch/github/chenhui-lib/cmake-build-debug/CMakeFiles/CMakeTmp'
Building CXX object CMakeFiles/cmTC_c884a.dir/src.cxx.o
/usr/bin/g++-9    -std=c++03 -pedantic -Wall -Wextra -Wundef -Wcast-align -Wchar-subscripts -Wnon-virtual-dtor -Wunused-local-typedefs -Wpointer-arith -Wwrite-strings -Wformat-security -Wlogical-op -Wdouble-promotion -Wshadow -Wno-psabi -Wno-variadic-macros -Wno-long-long -fno-check-new -fno-common -fstrict-aliasing -DCOMPILER_SUPPORT_wd981 -Werror   -wd981 -o CMakeFiles/cmTC_c884a.dir/src.cxx.o -c /home/wch/github/chenhui-lib/cmake-build-debug/CMakeFiles/CMakeTmp/src.cxx
g++-9: error: unrecognized command line option '-wd981'
make[1]: *** [CMakeFiles/cmTC_c884a.dir/build.make:66: CMakeFiles/cmTC_c884a.dir/src.cxx.o] Error 1
make[1]: Leaving directory '/home/wch/github/chenhui-lib/cmake-build-debug/CMakeFiles/CMakeTmp'
make: *** [Makefile:121: cmTC_c884a/fast] Error 2


Source file was:
int main() { return 0; }
Performing C++ SOURCE FILE Test COMPILER_SUPPORT_wd2304 failed with the following output:
Change Dir: /home/wch/github/chenhui-lib/cmake-build-debug/CMakeFiles/CMakeTmp

Run Build Command(s):/usr/bin/make cmTC_cb633/fast && /usr/bin/make -f CMakeFiles/cmTC_cb633.dir/build.make CMakeFiles/cmTC_cb633.dir/build
make[1]: Entering directory '/home/wch/github/chenhui-lib/cmake-build-debug/CMakeFiles/CMakeTmp'
Building CXX object CMakeFiles/cmTC_cb633.dir/src.cxx.o
/usr/bin/g++-9    -std=c++03 -pedantic -Wall -Wextra -Wundef -Wcast-align -Wchar-subscripts -Wnon-virtual-dtor -Wunused-local-typedefs -Wpointer-arith -Wwrite-strings -Wformat-security -Wlogical-op -Wdouble-promotion -Wshadow -Wno-psabi -Wno-variadic-macros -Wno-long-long -fno-check-new -fno-common -fstrict-aliasing -DCOMPILER_SUPPORT_wd2304 -Werror   -wd2304 -o CMakeFiles/cmTC_cb633.dir/src.cxx.o -c /home/wch/github/chenhui-lib/cmake-build-debug/CMakeFiles/CMakeTmp/src.cxx
g++-9: error: unrecognized command line option '-wd2304'
make[1]: *** [CMakeFiles/cmTC_cb633.dir/build.make:66: CMakeFiles/cmTC_cb633.dir/src.cxx.o] Error 1
make[1]: Leaving directory '/home/wch/github/chenhui-lib/cmake-build-debug/CMakeFiles/CMakeTmp'
make: *** [Makefile:121: cmTC_cb633/fast] Error 2


Source file was:
int main() { return 0; }
Performing C++ SOURCE FILE Test COMPILER_SUPPORT_STRICTANSI failed with the following output:
Change Dir: /home/wch/github/chenhui-lib/cmake-build-debug/CMakeFiles/CMakeTmp

Run Build Command(s):/usr/bin/make cmTC_53476/fast && /usr/bin/make -f CMakeFiles/cmTC_53476.dir/build.make CMakeFiles/cmTC_53476.dir/build
make[1]: Entering directory '/home/wch/github/chenhui-lib/cmake-build-debug/CMakeFiles/CMakeTmp'
Building CXX object CMakeFiles/cmTC_53476.dir/src.cxx.o
/usr/bin/g++-9    -std=c++03 -pedantic -Wall -Wextra -Wundef -Wcast-align -Wchar-subscripts -Wnon-virtual-dtor -Wunused-local-typedefs -Wpointer-arith -Wwrite-strings -Wformat-security -Wlogical-op -Wdouble-promotion -Wshadow -Wno-psabi -Wno-variadic-macros -Wno-long-long -fno-check-new -fno-common -fstrict-aliasing -DCOMPILER_SUPPORT_STRICTANSI -Werror   -strict-ansi -o CMakeFiles/cmTC_53476.dir/src.cxx.o -c /home/wch/github/chenhui-lib/cmake-build-debug/CMakeFiles/CMakeTmp/src.cxx
g++-9: error: unrecognized command line option '-strict-ansi'; did you mean '-fstrict-enums'?
make[1]: *** [CMakeFiles/cmTC_53476.dir/build.make:66: CMakeFiles/cmTC_53476.dir/src.cxx.o] Error 1
make[1]: Leaving directory '/home/wch/github/chenhui-lib/cmake-build-debug/CMakeFiles/CMakeTmp'
make: *** [Makefile:121: cmTC_53476/fast] Error 2


Source file was:
int main() { return 0; }
Performing C++ SOURCE FILE Test COMPILER_SUPPORT_Qunusedarguments failed with the following output:
Change Dir: /home/wch/github/chenhui-lib/cmake-build-debug/CMakeFiles/CMakeTmp

Run Build Command(s):/usr/bin/make cmTC_7c384/fast && /usr/bin/make -f CMakeFiles/cmTC_7c384.dir/build.make CMakeFiles/cmTC_7c384.dir/build
make[1]: Entering directory '/home/wch/github/chenhui-lib/cmake-build-debug/CMakeFiles/CMakeTmp'
Building CXX object CMakeFiles/cmTC_7c384.dir/src.cxx.o
/usr/bin/g++-9    -std=c++03 -pedantic -Wall -Wextra -Wundef -Wcast-align -Wchar-subscripts -Wnon-virtual-dtor -Wunused-local-typedefs -Wpointer-arith -Wwrite-strings -Wformat-security -Wlogical-op -Wdouble-promotion -Wshadow -Wno-psabi -Wno-variadic-macros -Wno-long-long -fno-check-new -fno-common -fstrict-aliasing -DCOMPILER_SUPPORT_Qunusedarguments -Werror   -Qunused-arguments -o CMakeFiles/cmTC_7c384.dir/src.cxx.o -c /home/wch/github/chenhui-lib/cmake-build-debug/CMakeFiles/CMakeTmp/src.cxx
g++-9: error: unrecognized command line option '-Qunused-arguments'
make[1]: *** [CMakeFiles/cmTC_7c384.dir/build.make:66: CMakeFiles/cmTC_7c384.dir/src.cxx.o] Error 1
make[1]: Leaving directory '/home/wch/github/chenhui-lib/cmake-build-debug/CMakeFiles/CMakeTmp'
make: *** [Makefile:121: cmTC_7c384/fast] Error 2


Source file was:
int main() { return 0; }
Performing C SOURCE FILE Test CMAKE_HAVE_LIBC_PTHREAD failed with the following output:
Change Dir: /home/wch/github/chenhui-lib/cmake-build-debug/CMakeFiles/CMakeTmp

Run Build Command(s):/usr/bin/make cmTC_9cc9b/fast && /usr/bin/make -f CMakeFiles/cmTC_9cc9b.dir/build.make CMakeFiles/cmTC_9cc9b.dir/build
make[1]: Entering directory '/home/wch/github/chenhui-lib/cmake-build-debug/CMakeFiles/CMakeTmp'
Building C object CMakeFiles/cmTC_9cc9b.dir/src.c.o
/usr/bin/gcc-9   -DCMAKE_HAVE_LIBC_PTHREAD   -o CMakeFiles/cmTC_9cc9b.dir/src.c.o   -c /home/wch/github/chenhui-lib/cmake-build-debug/CMakeFiles/CMakeTmp/src.c
Linking C executable cmTC_9cc9b
/usr/bin/cmake -E cmake_link_script CMakeFiles/cmTC_9cc9b.dir/link.txt --verbose=1
/usr/bin/gcc-9  -DCMAKE_HAVE_LIBC_PTHREAD    CMakeFiles/cmTC_9cc9b.dir/src.c.o  -o cmTC_9cc9b 
/usr/bin/ld: CMakeFiles/cmTC_9cc9b.dir/src.c.o: in function `main':
src.c:(.text+0x46): undefined reference to `pthread_create'
/usr/bin/ld: src.c:(.text+0x52): undefined reference to `pthread_detach'
/usr/bin/ld: src.c:(.text+0x63): undefined reference to `pthread_join'
collect2: error: ld returned 1 exit status
make[1]: *** [CMakeFiles/cmTC_9cc9b.dir/build.make:87: cmTC_9cc9b] Error 1
make[1]: Leaving directory '/home/wch/github/chenhui-lib/cmake-build-debug/CMakeFiles/CMakeTmp'
make: *** [Makefile:121: cmTC_9cc9b/fast] Error 2


Source file was:
#include <pthread.h>

void* test_func(void* data)
{
  return data;
}

int main(void)
{
  pthread_t thread;
  pthread_create(&thread, NULL, test_func, NULL);
  pthread_detach(thread);
  pthread_join(thread, NULL);
  pthread_atfork(NULL, NULL, NULL);
  pthread_exit(NULL);

  return 0;
}

Determining if the function pthread_create exists in the pthreads failed with the following output:
Change Dir: /home/wch/github/chenhui-lib/cmake-build-debug/CMakeFiles/CMakeTmp

Run Build Command(s):/usr/bin/make cmTC_2806b/fast && /usr/bin/make -f CMakeFiles/cmTC_2806b.dir/build.make CMakeFiles/cmTC_2806b.dir/build
make[1]: Entering directory '/home/wch/github/chenhui-lib/cmake-build-debug/CMakeFiles/CMakeTmp'
Building C object CMakeFiles/cmTC_2806b.dir/CheckFunctionExists.c.o
/usr/bin/gcc-9   -DCHECK_FUNCTION_EXISTS=pthread_create   -o CMakeFiles/cmTC_2806b.dir/CheckFunctionExists.c.o   -c /usr/share/cmake-3.16/Modules/CheckFunctionExists.c
Linking C executable cmTC_2806b
/usr/bin/cmake -E cmake_link_script CMakeFiles/cmTC_2806b.dir/link.txt --verbose=1
/usr/bin/gcc-9  -DCHECK_FUNCTION_EXISTS=pthread_create    CMakeFiles/cmTC_2806b.dir/CheckFunctionExists.c.o  -o cmTC_2806b  -lpthreads 
/usr/bin/ld: cannot find -lpthreads
collect2: error: ld returned 1 exit status
make[1]: *** [CMakeFiles/cmTC_2806b.dir/build.make:87: cmTC_2806b] Error 1
make[1]: Leaving directory '/home/wch/github/chenhui-lib/cmake-build-debug/CMakeFiles/CMakeTmp'
make: *** [Makefile:121: cmTC_2806b/fast] Error 2



